<?xml version="1.0" encoding="UTF-8"?>
<!-- Generated by org.testng.reporters.JUnitXMLReporter -->
<testsuite ignored="0" hostname="DESKTOP-D36MUAQ" failures="0" tests="3" name="Surefire test" time="38.014" errors="0" timestamp="2025-06-06T09:36:39 IST">
  <testcase classname="com.tests.SignInTest" name="loginWithValidCredentials" time="5.276"/>
  <testcase classname="com.tests.SignInTest" name="loginWithInvalidCredentials" time="1.169"/>
  <testcase classname="com.tests.SignInTest" name="loginWithEmptyFields" time="0.503"/>
</testsuite> <!-- Surefire test -->
