<?xml version="1.0" encoding="UTF-8"?>
<!-- Generated by org.testng.reporters.JUnitXMLReporter -->
<testsuite ignored="0" hostname="KARTIK-SHARMA" failures="0" tests="3" name="Default test" time="27.145" errors="0" timestamp="2025-06-04T18:11:20 IST">
  <testcase classname="com.tests.SignInTest" name="loginWithValidCredentials" time="4.089"/>
  <testcase classname="com.tests.SignInTest" name="loginWithInvalidCredentials" time="0.424"/>
  <testcase classname="com.tests.SignInTest" name="loginWithEmptyFields" time="0.232"/>
</testsuite> <!-- Default test -->
