<?xml version="1.0" encoding="UTF-8"?>
<testng-results ignored="0" total="1" passed="1" failed="0" skipped="0">
  <reporter-output>
  </reporter-output>
  <suite started-at="2025-06-11T08:38:10 IST" name="Surefire suite" finished-at="2025-06-11T08:38:11 IST" duration-ms="593">
    <groups>
    </groups>
    <test started-at="2025-06-11T08:38:10 IST" name="Surefire test" finished-at="2025-06-11T08:38:11 IST" duration-ms="593">
      <class name="com.tests.SignUpTest">
        <test-method is-config="true" signature="setUp()[pri:0, instance:com.tests.SignUpTest@35e2d654]" started-at="2025-06-11T08:38:10 IST" name="setUp" finished-at="2025-06-11T08:38:10 IST" duration-ms="197" status="PASS">
          <reporter-output>
          </reporter-output>
        </test-method> <!-- setUp -->
        <test-method signature="validSignUpTest()[pri:0, instance:com.tests.SignUpTest@35e2d654]" started-at="2025-06-11T08:38:10 IST" name="validSignUpTest" finished-at="2025-06-11T08:38:10 IST" duration-ms="63" status="PASS">
          <reporter-output>
          </reporter-output>
        </test-method> <!-- validSignUpTest -->
        <test-method is-config="true" signature="tearDown()[pri:0, instance:com.tests.SignUpTest@35e2d654]" started-at="2025-06-11T08:38:10 IST" name="tearDown" finished-at="2025-06-11T08:38:11 IST" duration-ms="301" status="PASS">
          <reporter-output>
          </reporter-output>
        </test-method> <!-- tearDown -->
      </class> <!-- com.tests.SignUpTest -->
    </test> <!-- Surefire test -->
  </suite> <!-- Surefire suite -->
</testng-results>
