<?xml version="1.0" encoding="UTF-8"?>
<testng-results ignored="0" total="3" passed="3" failed="0" skipped="0">
  <reporter-output>
  </reporter-output>
  <suite started-at="2025-06-04T18:10:53 IST" name="Default suite" finished-at="2025-06-04T18:11:20 IST" duration-ms="27145">
    <groups>
    </groups>
    <test started-at="2025-06-04T18:10:53 IST" name="Default test" finished-at="2025-06-04T18:11:20 IST" duration-ms="27145">
      <class name="com.tests.SignInTest">
        <test-method is-config="true" signature="setupReport()[pri:0, instance:com.tests.SignInTest@510f3d34]" started-at="2025-06-04T18:10:52 IST" name="setupReport" finished-at="2025-06-04T18:10:53 IST" duration-ms="217" status="PASS">
          <reporter-output>
          </reporter-output>
        </test-method> <!-- setupReport -->
        <test-method is-config="true" signature="setUp()[pri:0, instance:com.tests.SignInTest@510f3d34]" started-at="2025-06-04T18:10:53 IST" name="setUp" finished-at="2025-06-04T18:11:01 IST" duration-ms="7808" status="PASS">
          <reporter-output>
          </reporter-output>
        </test-method> <!-- setUp -->
        <test-method signature="loginWithValidCredentials()[pri:1, instance:com.tests.SignInTest@510f3d34]" started-at="2025-06-04T18:11:01 IST" name="loginWithValidCredentials" finished-at="2025-06-04T18:11:05 IST" duration-ms="4089" status="PASS">
          <reporter-output>
          </reporter-output>
        </test-method> <!-- loginWithValidCredentials -->
        <test-method is-config="true" signature="tearDown()[pri:0, instance:com.tests.SignInTest@510f3d34]" started-at="2025-06-04T18:11:05 IST" name="tearDown" finished-at="2025-06-04T18:11:05 IST" duration-ms="190" status="PASS">
          <reporter-output>
          </reporter-output>
        </test-method> <!-- tearDown -->
        <test-method is-config="true" signature="setUp()[pri:0, instance:com.tests.SignInTest@510f3d34]" started-at="2025-06-04T18:11:05 IST" name="setUp" finished-at="2025-06-04T18:11:12 IST" duration-ms="7057" status="PASS">
          <reporter-output>
          </reporter-output>
        </test-method> <!-- setUp -->
        <test-method signature="loginWithInvalidCredentials()[pri:2, instance:com.tests.SignInTest@510f3d34]" started-at="2025-06-04T18:11:12 IST" name="loginWithInvalidCredentials" finished-at="2025-06-04T18:11:12 IST" duration-ms="424" status="PASS">
          <reporter-output>
          </reporter-output>
        </test-method> <!-- loginWithInvalidCredentials -->
        <test-method is-config="true" signature="tearDown()[pri:0, instance:com.tests.SignInTest@510f3d34]" started-at="2025-06-04T18:11:12 IST" name="tearDown" finished-at="2025-06-04T18:11:12 IST" duration-ms="160" status="PASS">
          <reporter-output>
          </reporter-output>
        </test-method> <!-- tearDown -->
        <test-method is-config="true" signature="setUp()[pri:0, instance:com.tests.SignInTest@510f3d34]" started-at="2025-06-04T18:11:12 IST" name="setUp" finished-at="2025-06-04T18:11:19 IST" duration-ms="6988" status="PASS">
          <reporter-output>
          </reporter-output>
        </test-method> <!-- setUp -->
        <test-method signature="loginWithEmptyFields()[pri:3, instance:com.tests.SignInTest@510f3d34]" started-at="2025-06-04T18:11:19 IST" name="loginWithEmptyFields" finished-at="2025-06-04T18:11:20 IST" duration-ms="232" status="PASS">
          <reporter-output>
          </reporter-output>
        </test-method> <!-- loginWithEmptyFields -->
        <test-method is-config="true" signature="tearDown()[pri:0, instance:com.tests.SignInTest@510f3d34]" started-at="2025-06-04T18:11:20 IST" name="tearDown" finished-at="2025-06-04T18:11:20 IST" duration-ms="162" status="PASS">
          <reporter-output>
          </reporter-output>
        </test-method> <!-- tearDown -->
        <test-method is-config="true" signature="flushReport()[pri:0, instance:com.tests.SignInTest@510f3d34]" started-at="2025-06-04T18:11:20 IST" name="flushReport" finished-at="2025-06-04T18:11:20 IST" duration-ms="230" status="PASS">
          <reporter-output>
          </reporter-output>
        </test-method> <!-- flushReport -->
      </class> <!-- com.tests.SignInTest -->
    </test> <!-- Default test -->
  </suite> <!-- Default suite -->
</testng-results>
